[2026-02-10 01:27:53] Nightly Evolution Plan Started
[2026-02-10 01:27:53] Step 1: Check System Status
[2026-02-10 01:27:53] PowerShell Version: 5.1
[2026-02-10 01:27:53] Disk Usage: %
[2026-02-10 01:27:53] Step 2: Check GitHub Connection
[2026-02-10 01:27:53] GitHub remote repository configured
[2026-02-10 01:27:53] GitHub connection OK
[2026-02-10 01:27:53] Step 3: Check Local Backups
[2026-02-10 01:27:53] Backup files: 3
[2026-02-10 01:27:53] Backup files OK
[2026-02-10 01:27:53] Step 4: Check Skills
[2026-02-10 01:27:53] Installed skills: 0
[2026-02-10 01:27:53] Warning: No skills found
[2026-02-10 01:27:53] Step 5: Performance Check
[2026-02-10 01:27:53] Memory Usage: 0%
[2026-02-10 01:27:53] Memory usage OK
[2026-02-10 01:27:53] Nightly Evolution Plan Completed
[2026-02-10 01:28:38] Nightly Evolution Plan Started
[2026-02-10 01:28:38] Step 1: Check System Status
[2026-02-10 01:28:38] PowerShell Version: 5.1
[2026-02-10 01:28:38] Disk Usage: 88.8%
[2026-02-10 01:28:38] Step 2: Check GitHub Connection
[2026-02-10 01:28:38] GitHub remote repository configured
[2026-02-10 01:28:38] Warning: GitHub fetch failed
[2026-02-10 01:28:38] Step 3: Check Local Backups
[2026-02-10 01:28:38] Backup files: 3
[2026-02-10 01:28:38] Backup files OK
[2026-02-10 01:28:38] Step 4: Check Skills
[2026-02-10 01:28:38] Installed skills: 0
[2026-02-10 01:28:38] Warning: No skills found
[2026-02-10 01:28:38] Step 5: Performance Check
[2026-02-10 01:28:38] Memory Usage: 0%
[2026-02-10 01:28:38] Memory usage OK
[2026-02-10 01:28:38] Nightly Evolution Plan Completed
[2026-02-10 12:20:53] Nightly Evolution Plan Started
[2026-02-10 12:20:53] Step 1: Check System Status
[2026-02-10 12:20:53] PowerShell Version: 5.1
[2026-02-10 12:20:53] Disk Usage: 88.9%
[2026-02-10 12:20:53] Step 2: Check GitHub Connection
[2026-02-10 12:20:53] GitHub remote repository configured
[2026-02-10 12:20:53] GitHub connection OK
[2026-02-10 12:20:53] Step 3: Check Local Backups
[2026-02-10 12:20:53] Backup files: 3
[2026-02-10 12:20:53] Backup files OK
[2026-02-10 12:20:53] Step 4: Check Skills
[2026-02-10 12:20:53] Installed skills: 0
[2026-02-10 12:20:53] Warning: No skills found
[2026-02-10 12:20:53] Step 5: Performance Check
[2026-02-10 12:20:53] Memory Usage: 0%
[2026-02-10 12:20:53] Memory usage OK
[2026-02-10 12:20:53] Nightly Evolution Plan Completed
